<?xml version="1.0" encoding="UTF-8"?>
<!-- Generated by org.testng.reporters.JUnitXMLReporter -->
<testsuite ignored="2" hostname="Selen" failures="0" tests="2" name="TestLogin" time="5.615" errors="0" timestamp="2022-04-16T23:23:51 TRT">
  <testcase classname="Tests.LoginTest" name="f" time="0.004"/>
  <testcase classname="Tests.WithoutLoginTest" name="f1" time="0.001"/>
  <testcase classname="Tests.BaseTest" name="@BeforeTest beforeClass" time="0.0">
    <ignored/>
  </testcase> <!-- @BeforeTest beforeClass -->
  <testcase classname="Tests.BaseTest" name="@AfterTest afterClass" time="0.0">
    <ignored/>
  </testcase> <!-- @AfterTest afterClass -->
</testsuite> <!-- TestLogin -->
